[0m13:59:47.880192 [debug] [MainThread]: Sending event: {'category': 'dbt', 'action': 'invocation', 'label': 'start', 'context': [<snowplow_tracker.self_describing_json.SelfDescribingJson object at 0x10553a970>, <snowplow_tracker.self_describing_json.SelfDescribingJson object at 0x107dd0cd0>, <snowplow_tracker.self_describing_json.SelfDescribingJson object at 0x107ddfa30>]}


============================== 13:59:47.883357 | 1ef1374e-e168-4649-bd98-796b47e0ae71 ==============================
[0m13:59:47.883357 [info ] [MainThread]: Running with dbt=1.7.13
[0m13:59:47.883701 [debug] [MainThread]: running dbt with arguments {'printer_width': '80', 'indirect_selection': 'eager', 'log_cache_events': 'False', 'write_json': 'True', 'partial_parse': 'True', 'cache_selected_only': 'False', 'warn_error': 'None', 'debug': 'False', 'version_check': 'True', 'log_path': 'logs', 'fail_fast': 'False', 'profiles_dir': '/Users/vitorduarte/.dbt', 'use_colors': 'True', 'use_experimental_parser': 'False', 'no_print': 'None', 'quiet': 'False', 'warn_error_options': 'WarnErrorOptions(include=[], exclude=[])', 'introspect': 'True', 'static_parser': 'True', 'log_format': 'default', 'target_path': 'None', 'invocation_command': 'dbt init dbt_dagster', 'send_anonymous_usage_stats': 'True'}
[0m13:59:47.884329 [debug] [MainThread]: Starter project path: /Users/vitorduarte/etl-with-dagster-dbt/.venv/lib/python3.9/site-packages/dbt/include/starter_project
[0m13:59:47.888218 [info ] [MainThread]: 
Your new dbt project "dbt_dagster" was created!

For more information on how to configure the profiles.yml file,
please consult the dbt documentation here:

  https://docs.getdbt.com/docs/configure-your-profile

One more thing:

Need help? Don't hesitate to reach out to us via GitHub issues or on Slack:

  https://community.getdbt.com/

Happy modeling!

[0m13:59:47.888481 [info ] [MainThread]: Setting up your profile.
[0m14:02:08.014352 [info ] [MainThread]: Profile dbt_dagster written to /Users/vitorduarte/.dbt/profiles.yml using target's profile_template.yml and your supplied values. Run 'dbt debug' to validate the connection.
[0m14:02:08.032268 [debug] [MainThread]: Resource report: {"command_name": "init", "command_success": true, "command_wall_clock_time": 140.16344, "process_user_time": 3.232289, "process_kernel_time": 0.333257, "process_mem_max_rss": "174997504", "process_in_blocks": "0", "process_out_blocks": "0"}
[0m14:02:08.033419 [debug] [MainThread]: Command `dbt init` succeeded at 14:02:08.033176 after 140.16 seconds
[0m14:02:08.034193 [debug] [MainThread]: Sending event: {'category': 'dbt', 'action': 'invocation', 'label': 'end', 'context': [<snowplow_tracker.self_describing_json.SelfDescribingJson object at 0x10553a970>, <snowplow_tracker.self_describing_json.SelfDescribingJson object at 0x107ddfa30>, <snowplow_tracker.self_describing_json.SelfDescribingJson object at 0x122fa09a0>]}
[0m14:02:08.034913 [debug] [MainThread]: Flushing usage events
[0m10:12:19.914929 [debug] [MainThread]: Sending event: {'category': 'dbt', 'action': 'invocation', 'label': 'start', 'context': [<snowplow_tracker.self_describing_json.SelfDescribingJson object at 0x106c03df0>, <snowplow_tracker.self_describing_json.SelfDescribingJson object at 0x107d77760>, <snowplow_tracker.self_describing_json.SelfDescribingJson object at 0x107d9d4f0>]}


============================== 10:12:19.917574 | 0a9817ed-5b83-4001-a594-c3f2ac8332b4 ==============================
[0m10:12:19.917574 [info ] [MainThread]: Running with dbt=1.5.9
[0m10:12:19.917909 [debug] [MainThread]: running dbt with arguments {'printer_width': '80', 'indirect_selection': 'eager', 'write_json': 'True', 'log_cache_events': 'False', 'partial_parse': 'True', 'cache_selected_only': 'False', 'warn_error': 'None', 'debug': 'False', 'fail_fast': 'False', 'log_path': 'logs', 'profiles_dir': '/Users/vitorduarte/.dbt', 'version_check': 'True', 'use_colors': 'True', 'use_experimental_parser': 'False', 'no_print': 'None', 'quiet': 'False', 'warn_error_options': 'WarnErrorOptions(include=[], exclude=[])', 'introspect': 'True', 'static_parser': 'True', 'log_format': 'default', 'target_path': 'None', 'send_anonymous_usage_stats': 'True'}
[0m10:12:19.918220 [info ] [MainThread]: dbt version: 1.5.9
[0m10:12:19.918416 [info ] [MainThread]: python version: 3.9.6
[0m10:12:19.918587 [info ] [MainThread]: python path: /Users/vitorduarte/dbt-env/bin/python3
[0m10:12:19.918754 [info ] [MainThread]: os info: macOS-14.1.1-arm64-arm-64bit
[0m10:12:19.918917 [info ] [MainThread]: Using profiles.yml file at /Users/vitorduarte/.dbt/profiles.yml
[0m10:12:19.919159 [info ] [MainThread]: Using dbt_project.yml file at /Users/vitorduarte/etl-with-dagster-dbt/dbt_project.yml
[0m10:12:19.919374 [info ] [MainThread]: Configuration:
[0m10:12:19.919572 [info ] [MainThread]:   profiles.yml file [[31mERROR not found[0m]
[0m10:12:19.919751 [info ] [MainThread]:   dbt_project.yml file [[31mERROR not found[0m]
[0m10:12:19.919924 [info ] [MainThread]: Required dependencies:
[0m10:12:19.920129 [debug] [MainThread]: Executing "git --help"
[0m10:12:19.932452 [debug] [MainThread]: STDOUT: "b"usage: git [-v | --version] [-h | --help] [-C <path>] [-c <name>=<value>]\n           [--exec-path[=<path>]] [--html-path] [--man-path] [--info-path]\n           [-p | --paginate | -P | --no-pager] [--no-replace-objects] [--bare]\n           [--git-dir=<path>] [--work-tree=<path>] [--namespace=<name>]\n           [--config-env=<name>=<envvar>] <command> [<args>]\n\nThese are common Git commands used in various situations:\n\nstart a working area (see also: git help tutorial)\n   clone     Clone a repository into a new directory\n   init      Create an empty Git repository or reinitialize an existing one\n\nwork on the current change (see also: git help everyday)\n   add       Add file contents to the index\n   mv        Move or rename a file, a directory, or a symlink\n   restore   Restore working tree files\n   rm        Remove files from the working tree and from the index\n\nexamine the history and state (see also: git help revisions)\n   bisect    Use binary search to find the commit that introduced a bug\n   diff      Show changes between commits, commit and working tree, etc\n   grep      Print lines matching a pattern\n   log       Show commit logs\n   show      Show various types of objects\n   status    Show the working tree status\n\ngrow, mark and tweak your common history\n   branch    List, create, or delete branches\n   commit    Record changes to the repository\n   merge     Join two or more development histories together\n   rebase    Reapply commits on top of another base tip\n   reset     Reset current HEAD to the specified state\n   switch    Switch branches\n   tag       Create, list, delete or verify a tag object signed with GPG\n\ncollaborate (see also: git help workflows)\n   fetch     Download objects and refs from another repository\n   pull      Fetch from and integrate with another repository or a local branch\n   push      Update remote refs along with associated objects\n\n'git help -a' and 'git help -g' list available subcommands and some\nconcept guides. See 'git help <command>' or 'git help <concept>'\nto read about a specific subcommand or concept.\nSee 'git help git' for an overview of the system.\n""
[0m10:12:19.932948 [debug] [MainThread]: STDERR: "b''"
[0m10:12:19.933121 [info ] [MainThread]:  - git [[32mOK found[0m]

[0m10:12:19.933337 [info ] [MainThread]: [31m1 check failed:[0m
[0m10:12:19.933523 [info ] [MainThread]: dbt looked for a profiles.yml file in /Users/vitorduarte/.dbt/profiles.yml, but did
not find one. For more information on configuring your profile, consult the
documentation:

https://docs.getdbt.com/docs/configure-your-profile


[0m10:12:19.933974 [debug] [MainThread]: Command `dbt debug` failed at 10:12:19.933896 after 0.03 seconds
[0m10:12:19.934222 [debug] [MainThread]: Sending event: {'category': 'dbt', 'action': 'invocation', 'label': 'end', 'context': [<snowplow_tracker.self_describing_json.SelfDescribingJson object at 0x106c03df0>, <snowplow_tracker.self_describing_json.SelfDescribingJson object at 0x104b765b0>, <snowplow_tracker.self_describing_json.SelfDescribingJson object at 0x107d77640>]}
[0m10:12:19.934456 [debug] [MainThread]: Flushing usage events
